0 info it worked if it ends with ok
1 verbose cli [ '/usr/local/bin/node', '/usr/local/bin/npm', 'run', 'test' ]
2 info using npm@3.3.12
3 info using node@v5.2.0
4 verbose run-script [ 'pretest', 'test', 'posttest' ]
5 info lifecycle react-first-touch@1.0.0~pretest: react-first-touch@1.0.0
6 silly lifecycle react-first-touch@1.0.0~pretest: no script for pretest, continuing
7 info lifecycle react-first-touch@1.0.0~test: react-first-touch@1.0.0
8 verbose lifecycle react-first-touch@1.0.0~test: unsafe-perm in lifecycle true
9 verbose lifecycle react-first-touch@1.0.0~test: PATH: /usr/local/lib/node_modules/npm/bin/node-gyp-bin:/Users/alajfit/devit/React-Inline-Styles-Component-Arrays/node_modules/.bin:/usr/local/apache-maven-3.3.9/bin:/Users/alajfit/.sdkman/candidates/springboot/current/bin:/usr/local/bin:/usr/bin:/bin:/usr/sbin:/sbin:/usr/local/git/bin:/Users/alajfit/.rvm/bin
10 verbose lifecycle react-first-touch@1.0.0~test: CWD: /Users/alajfit/devit/React-Inline-Styles-Component-Arrays
11 silly lifecycle react-first-touch@1.0.0~test: Args: [ '-c', 'echo "Error: no test specified" && exit 1' ]
12 silly lifecycle react-first-touch@1.0.0~test: Returned: code: 1  signal: null
13 info lifecycle react-first-touch@1.0.0~test: Failed to exec test script
14 verbose stack Error: react-first-touch@1.0.0 test: `echo "Error: no test specified" && exit 1`
14 verbose stack Exit status 1
14 verbose stack     at EventEmitter.<anonymous> (/usr/local/lib/node_modules/npm/lib/utils/lifecycle.js:232:16)
14 verbose stack     at emitTwo (events.js:88:13)
14 verbose stack     at EventEmitter.emit (events.js:173:7)
14 verbose stack     at ChildProcess.<anonymous> (/usr/local/lib/node_modules/npm/lib/utils/spawn.js:24:14)
14 verbose stack     at emitTwo (events.js:88:13)
14 verbose stack     at ChildProcess.emit (events.js:173:7)
14 verbose stack     at maybeClose (internal/child_process.js:819:16)
14 verbose stack     at Process.ChildProcess._handle.onexit (internal/child_process.js:212:5)
15 verbose pkgid react-first-touch@1.0.0
16 verbose cwd /Users/alajfit/devit/React-Inline-Styles-Component-Arrays
17 error Darwin 15.0.0
18 error argv "/usr/local/bin/node" "/usr/local/bin/npm" "run" "test"
19 error node v5.2.0
20 error npm  v3.3.12
21 error code ELIFECYCLE
22 error react-first-touch@1.0.0 test: `echo "Error: no test specified" && exit 1`
22 error Exit status 1
23 error Failed at the react-first-touch@1.0.0 test script 'echo "Error: no test specified" && exit 1'.
23 error Make sure you have the latest version of node.js and npm installed.
23 error If you do, this is most likely a problem with the react-first-touch package,
23 error not with npm itself.
23 error Tell the author that this fails on your system:
23 error     echo "Error: no test specified" && exit 1
23 error You can get their info via:
23 error     npm owner ls react-first-touch
23 error There is likely additional logging output above.
24 verbose exit [ 1, true ]
